<?xml version="1.0" encoding="UTF-8"?>
<testng-results ignored="0" total="2" passed="2" failed="0" skipped="0">
  <reporter-output>
  </reporter-output>
  <suite started-at="2022-10-28T21:42:10 CEST" name="Surefire suite" finished-at="2022-10-28T21:42:37 CEST" duration-ms="26240">
    <groups>
    </groups>
    <test started-at="2022-10-28T21:42:10 CEST" name="Surefire test" finished-at="2022-10-28T21:42:37 CEST" duration-ms="26240">
      <class name="org.selenium.pom.tests.MyFirstTestCase">
        <test-method signature="loginAndCheckoutUsingDirectBankTransfer() throws java.lang.InterruptedException,java.io.IOException" started-at="2022-10-28T21:42:11 CEST" name="loginAndCheckoutUsingDirectBankTransfer" finished-at="2022-10-28T21:42:26 CEST" duration-ms="15646" status="PASS">
          <reporter-output>
          </reporter-output>
        </test-method> <!-- loginAndCheckoutUsingDirectBankTransfer -->
        <test-method signature="guestCheckoutUsingDirectBankTransfer() throws java.io.IOException,java.lang.InterruptedException" started-at="2022-10-28T21:42:11 CEST" name="guestCheckoutUsingDirectBankTransfer" finished-at="2022-10-28T21:42:37 CEST" duration-ms="26191" status="PASS">
          <reporter-output>
          </reporter-output>
        </test-method> <!-- guestCheckoutUsingDirectBankTransfer -->
      </class> <!-- org.selenium.pom.tests.MyFirstTestCase -->
    </test> <!-- Surefire test -->
  </suite> <!-- Surefire suite -->
</testng-results>
