<?xml version="1.0" encoding="UTF-8"?>
<!-- Generated by org.testng.reporters.JUnitXMLReporter -->
<testsuite ignored="0" hostname="DESKTOP-NP5PALL" failures="0" tests="2" name="Command line test" time="20.727" errors="0" timestamp="2022-10-23T14:02:58 CEST">
  <testcase classname="org.selenium.pom.tests.MyFirstTestCase" name="guestCheckoutUsingDirectBankTransfer" time="7.681"/>
  <testcase classname="org.selenium.pom.tests.MyFirstTestCase" name="loginAndCheckoutUsingDirectBankTransfer" time="9.553"/>
</testsuite> <!-- Command line test -->
