<?xml version="1.0" encoding="UTF-8"?>
<testsuite xmlns:xsi="http://www.w3.org/2001/XMLSchema-instance" xsi:noNamespaceSchemaLocation="https://maven.apache.org/surefire/maven-surefire-plugin/xsd/surefire-test-report-3.0.xsd" version="3.0" name="org.selenium.pom.tests.MyFirstTestCase" time="18.395" tests="2" errors="0" skipped="0" failures="0">
  <properties>
[...]
</properties>
  <testcase name="loginAndCheckoutUsingDirectBankTransfer" classname="org.selenium.pom.tests.MyFirstTestCase" time="18.13">
    <system-out><![CDATA[CURRENT THREAD: 18, DRIVER = FirefoxDriver: firefox on WINDOWS (8c32526e-1f5a-483e-83fd-cc27e3899e1c)
OVERLAY SIZE 0
OVERLAY NOT FOUND
OVERLAY SIZE 2
OVERLAYS ARE INVISIBLE
CURRENT THREAD: 18, DRIVER = FirefoxDriver: firefox on WINDOWS (8c32526e-1f5a-483e-83fd-cc27e3899e1c)
]]></system-out>
    <system-err><![CDATA[1666986855006	geckodriver	INFO	Listening on 127.0.0.1:16321
1666986855312	mozrunner::runner	INFO	Running command: "C:\\Program Files\\Mozilla Firefox\\firefox.exe" "--marionette" "--remote-debugging-port" "37374" "--remote-allow-hosts" "localhost" "--remote-allow-origins" "http://127.0.0.1:37374/,http://localhost:37374/,http://[::1]:37374/" "-no-remote" "-profile" "C:\\Users\\membr\\AppData\\Local\\Temp\\rust_mozprofileIuadiG"
1666986856002	Marionette	INFO	Marionette enabled
1666986856009	Marionette	INFO	Listening on port 54215
Read port: 54215
WebDriver BiDi listening on ws://127.0.0.1:37374
1666986856299	RemoteAgent	WARN	TLS certificate errors will be ignored for this session
console.warn: SearchSettings: "get: No settings file exists, new profile?" (new NotFoundError("Could not open the file at C:\\Users\\membr\\AppData\\Local\\Temp\\rust_mozprofileIuadiG\\search.json.mozlz4", (void 0)))
DevTools listening on ws://127.0.0.1:37374/devtools/browser/a8f9488f-64aa-4213-8c17-40e2acef0042
JavaScript error: resource://gre/modules/URIFixup.jsm, line 307: NS_ERROR_FAILURE: Should pass a non-null uri
console.warn: LoginRecipes: "Falling back to a synchronous message for: https://askomdch.com."
console.warn: LoginRecipes: "Falling back to a synchronous message for: https://askomdch.com."
JavaScript error: resource://gre/modules/XULStore.jsm, line 58: Error: Can't find profile directory.
JavaScript error: resource://gre/modules/XULStore.jsm, line 58: Error: Can't find profile directory.
console.warn: LoginRecipes: "Falling back to a synchronous message for: https://askomdch.com."
console.warn: LoginRecipes: "Falling back to a synchronous message for: https://askomdch.com."
1666986866814	Marionette	WARN	TimedPromise timed out after 500 ms: stacktrace:
TimedPromise/<@chrome://remote/content/marionette/sync.js:236:24
TimedPromise@chrome://remote/content/marionette/sync.js:221:10
interaction.flushEventLoop@chrome://remote/content/marionette/interaction.js:431:10
webdriverClickElement@chrome://remote/content/marionette/interaction.js:179:31
1666986867899	Marionette	WARN	TimedPromise timed out after 500 ms: stacktrace:
TimedPromise/<@chrome://remote/content/marionette/sync.js:236:24
TimedPromise@chrome://remote/content/marionette/sync.js:221:10
interaction.flushEventLoop@chrome://remote/content/marionette/interaction.js:431:10
webdriverClickElement@chrome://remote/content/marionette/interaction.js:179:31
1666986870674	Marionette	INFO	Stopped listening on port 54215
]]></system-err>
  </testcase>
  <testcase name="guestCheckoutUsingDirectBankTransfer" classname="org.selenium.pom.tests.MyFirstTestCase" time="18.395">
    <system-out><![CDATA[CURRENT THREAD: 19, DRIVER = FirefoxDriver: firefox on WINDOWS (72974264-71cb-45cd-bd29-1b8dc62d13af)
OVERLAY SIZE 2
OVERLAYS ARE INVISIBLE
CURRENT THREAD: 19, DRIVER = FirefoxDriver: firefox on WINDOWS (72974264-71cb-45cd-bd29-1b8dc62d13af)
]]></system-out>
    <system-err><![CDATA[SLF4J: Failed to load class "org.slf4j.impl.StaticLoggerBinder".
SLF4J: Defaulting to no-operation (NOP) logger implementation
SLF4J: See http://www.slf4j.org/codes.html#StaticLoggerBinder for further details.
1666986855007	geckodriver	INFO	Listening on 127.0.0.1:20355
1666986855313	mozrunner::runner	INFO	Running command: "C:\\Program Files\\Mozilla Firefox\\firefox.exe" "--marionette" "--remote-debugging-port" "26137" "--remote-allow-hosts" "localhost" "--remote-allow-origins" "http://127.0.0.1:26137/,http://localhost:26137/,http://[::1]:26137/" "-no-remote" "-profile" "C:\\Users\\membr\\AppData\\Local\\Temp\\rust_mozprofile2GOna9"
1666986856002	Marionette	INFO	Marionette enabled
1666986856009	Marionette	INFO	Listening on port 54214
Read port: 54214
WebDriver BiDi listening on ws://127.0.0.1:26137
1666986856298	RemoteAgent	WARN	TLS certificate errors will be ignored for this session
console.warn: SearchSettings: "get: No settings file exists, new profile?" (new NotFoundError("Could not open the file at C:\\Users\\membr\\AppData\\Local\\Temp\\rust_mozprofile2GOna9\\search.json.mozlz4", (void 0)))
DevTools listening on ws://127.0.0.1:26137/devtools/browser/5f048c12-af67-4c93-a396-04c968da519a
console.warn: LoginRecipes: "Falling back to a synchronous message for: https://askomdch.com."
1666986862171	Marionette	WARN	TimedPromise timed out after 500 ms: stacktrace:
TimedPromise/<@chrome://remote/content/marionette/sync.js:236:24
TimedPromise@chrome://remote/content/marionette/sync.js:221:10
interaction.flushEventLoop@chrome://remote/content/marionette/interaction.js:431:10
webdriverClickElement@chrome://remote/content/marionette/interaction.js:179:31
JavaScript error: resource://gre/modules/XULStore.jsm, line 58: Error: Can't find profile directory.
JavaScript error: resource://gre/modules/XULStore.jsm, line 58: Error: Can't find profile directory.
1666986866595	Marionette	WARN	TimedPromise timed out after 500 ms: stacktrace:
TimedPromise/<@chrome://remote/content/marionette/sync.js:236:24
TimedPromise@chrome://remote/content/marionette/sync.js:221:10
interaction.flushEventLoop@chrome://remote/content/marionette/interaction.js:431:10
webdriverClickElement@chrome://remote/content/marionette/interaction.js:179:31
1666986867340	Marionette	WARN	TimedPromise timed out after 500 ms: stacktrace:
TimedPromise/<@chrome://remote/content/marionette/sync.js:236:24
TimedPromise@chrome://remote/content/marionette/sync.js:221:10
interaction.flushEventLoop@chrome://remote/content/marionette/interaction.js:431:10
webdriverClickElement@chrome://remote/content/marionette/interaction.js:179:31
1666986868148	Marionette	WARN	TimedPromise timed out after 500 ms: stacktrace:
TimedPromise/<@chrome://remote/content/marionette/sync.js:236:24
TimedPromise@chrome://remote/content/marionette/sync.js:221:10
interaction.flushEventLoop@chrome://remote/content/marionette/interaction.js:431:10
webdriverClickElement@chrome://remote/content/marionette/interaction.js:179:31
1666986868894	Marionette	WARN	TimedPromise timed out after 500 ms: stacktrace:
TimedPromise/<@chrome://remote/content/marionette/sync.js:236:24
TimedPromise@chrome://remote/content/marionette/sync.js:221:10
interaction.flushEventLoop@chrome://remote/content/marionette/interaction.js:431:10
webdriverClickElement@chrome://remote/content/marionette/interaction.js:179:31
console.warn: LoginRecipes: "Falling back to a synchronous message for: https://askomdch.com."
1666986870285	Marionette	WARN	TimedPromise timed out after 500 ms: stacktrace:
TimedPromise/<@chrome://remote/content/marionette/sync.js:236:24
TimedPromise@chrome://remote/content/marionette/sync.js:221:10
interaction.flushEventLoop@chrome://remote/content/marionette/interaction.js:431:10
webdriverClickElement@chrome://remote/content/marionette/interaction.js:179:31
console.warn: LoginRecipes: "Falling back to a synchronous message for: https://askomdch.com."
console.warn: LoginRecipes: "Falling back to a synchronous message for: https://askomdch.com."
1666986871011	Marionette	INFO	Stopped listening on port 54214
]]></system-err>
  </testcase>
</testsuite>