<?xml version="1.0" encoding="UTF-8"?>
<testng-results ignored="0" total="2" passed="2" failed="0" skipped="0">
  <reporter-output>
  </reporter-output>
  <suite started-at="2022-10-24T20:40:36 CEST" name="Command line suite" finished-at="2022-10-24T20:40:57 CEST" duration-ms="21169">
    <groups>
    </groups>
    <test started-at="2022-10-24T20:40:36 CEST" name="Command line test" finished-at="2022-10-24T20:40:57 CEST" duration-ms="21169">
      <class name="org.selenium.pom.tests.MyFirstTestCase">
        <test-method is-config="true" signature="startDriver(java.lang.String)[pri:0, instance:org.selenium.pom.tests.MyFirstTestCase@17c1bced]" started-at="2022-10-24T20:40:36 CEST" name="startDriver" finished-at="2022-10-24T20:40:38 CEST" duration-ms="2008" status="PASS">
          <params>
            <param index="0">
              <value>
                <![CDATA[CHROME]]>
              </value>
            </param>
          </params>
          <reporter-output>
          </reporter-output>
        </test-method> <!-- startDriver -->
        <test-method signature="guestCheckoutUsingDirectBankTransfer()[pri:0, instance:org.selenium.pom.tests.MyFirstTestCase@17c1bced]" started-at="2022-10-24T20:40:38 CEST" name="guestCheckoutUsingDirectBankTransfer" finished-at="2022-10-24T20:40:46 CEST" duration-ms="7960" status="PASS">
          <reporter-output>
          </reporter-output>
        </test-method> <!-- guestCheckoutUsingDirectBankTransfer -->
        <test-method is-config="true" signature="quitDriver()[pri:0, instance:org.selenium.pom.tests.MyFirstTestCase@17c1bced]" started-at="2022-10-24T20:40:46 CEST" name="quitDriver" finished-at="2022-10-24T20:40:46 CEST" duration-ms="303" status="PASS">
          <reporter-output>
          </reporter-output>
        </test-method> <!-- quitDriver -->
        <test-method is-config="true" signature="startDriver(java.lang.String)[pri:0, instance:org.selenium.pom.tests.MyFirstTestCase@17c1bced]" started-at="2022-10-24T20:40:46 CEST" name="startDriver" finished-at="2022-10-24T20:40:47 CEST" duration-ms="764" status="PASS">
          <params>
            <param index="0">
              <value>
                <![CDATA[CHROME]]>
              </value>
            </param>
          </params>
          <reporter-output>
          </reporter-output>
        </test-method> <!-- startDriver -->
        <test-method signature="loginAndCheckoutUsingDirectBankTransfer()[pri:0, instance:org.selenium.pom.tests.MyFirstTestCase@17c1bced]" started-at="2022-10-24T20:40:47 CEST" name="loginAndCheckoutUsingDirectBankTransfer" finished-at="2022-10-24T20:40:57 CEST" duration-ms="9758" status="PASS">
          <reporter-output>
          </reporter-output>
        </test-method> <!-- loginAndCheckoutUsingDirectBankTransfer -->
        <test-method is-config="true" signature="quitDriver()[pri:0, instance:org.selenium.pom.tests.MyFirstTestCase@17c1bced]" started-at="2022-10-24T20:40:57 CEST" name="quitDriver" finished-at="2022-10-24T20:40:57 CEST" duration-ms="340" status="PASS">
          <reporter-output>
          </reporter-output>
        </test-method> <!-- quitDriver -->
      </class> <!-- org.selenium.pom.tests.MyFirstTestCase -->
    </test> <!-- Command line test -->
  </suite> <!-- Command line suite -->
</testng-results>
