<?xml version="1.0" encoding="UTF-8"?>
<!-- Generated by org.testng.reporters.JUnitXMLReporter -->
<testsuite ignored="0" hostname="DESKTOP-NP5PALL" failures="0" tests="2" name="Surefire test" time="26.24" errors="0" timestamp="2022-10-28T21:42:37 CEST">
  <testcase classname="org.selenium.pom.tests.MyFirstTestCase" name="loginAndCheckoutUsingDirectBankTransfer on loginAndCheckoutUsingDirectBankTransfer(org.selenium.pom.tests.MyFirstTestCase)" time="15.646"/>
  <testcase classname="org.selenium.pom.tests.MyFirstTestCase" name="guestCheckoutUsingDirectBankTransfer on guestCheckoutUsingDirectBankTransfer(org.selenium.pom.tests.MyFirstTestCase)" time="26.191"/>
</testsuite> <!-- Surefire test -->
